Library/Bee/Android/Prj/Mono2x/Gradle/launcher/build/intermediates/manifest_merge_blame_file/release/manifest-merger-blame-release-report.txt
1<?xml version="1.0" encoding="utf-8"?>
2<manifest xmlns:android="http://schemas.android.com/apk/res/android"
3    package="com.DefaultCompany.MirrorSDK"
4    android:installLocation="preferExternal"
5    android:versionCode="1"
6    android:versionName="0.1" >
7
8    <uses-sdk
9        android:minSdkVersion="29"
9-->src\main\AndroidManifest.xml
10        android:targetSdkVersion="33" />
10-->src\main\AndroidManifest.xml
11
12    <supports-screens
12-->src\main\AndroidManifest.xml:3:3-163
13        android:anyDensity="true"
13-->src\main\AndroidManifest.xml:3:135-160
14        android:largeScreens="true"
14-->src\main\AndroidManifest.xml:3:78-105
15        android:normalScreens="true"
15-->src\main\AndroidManifest.xml:3:49-77
16        android:smallScreens="true"
16-->src\main\AndroidManifest.xml:3:21-48
17        android:xlargeScreens="true" />
17-->src\main\AndroidManifest.xml:3:106-134
18
19    <uses-permission android:name="android.permission.INTERNET" />
19-->[:unityLibrary] AndroidManifest.xml:12:5-67
19-->[:unityLibrary] AndroidManifest.xml:12:22-64
20
21    <queries>
21-->[:unityLibrary] AndroidManifest.xml:14:5-22:15
22        <intent>
22-->[:unityLibrary] AndroidManifest.xml:15:9-21:18
23            <action android:name="android.intent.action.VIEW" />
23-->[:unityLibrary] AndroidManifest.xml:16:13-65
23-->[:unityLibrary] AndroidManifest.xml:16:21-62
24
25            <category android:name="android.intent.category.BROWSABLE" />
25-->[:unityLibrary] AndroidManifest.xml:18:13-74
25-->[:unityLibrary] AndroidManifest.xml:18:23-71
26
27            <data android:scheme="https" />
27-->[:unityLibrary] AndroidManifest.xml:20:13-44
27-->[:unityLibrary] AndroidManifest.xml:20:19-41
28        </intent>
29    </queries>
30
31    <uses-feature android:glEsVersion="0x00030000" />
31-->[:unityLibrary] AndroidManifest.xml:24:5-54
31-->[:unityLibrary] AndroidManifest.xml:24:19-51
32    <uses-feature
32-->[:unityLibrary] AndroidManifest.xml:25:5-27:36
33        android:name="android.hardware.vulkan.version"
33-->[:unityLibrary] AndroidManifest.xml:26:9-55
34        android:required="false" />
34-->[:unityLibrary] AndroidManifest.xml:27:9-33
35    <uses-feature
35-->[:unityLibrary] AndroidManifest.xml:28:5-30:36
36        android:name="android.hardware.touchscreen"
36-->[:unityLibrary] AndroidManifest.xml:29:9-52
37        android:required="false" />
37-->[:unityLibrary] AndroidManifest.xml:30:9-33
38    <uses-feature
38-->[:unityLibrary] AndroidManifest.xml:31:5-33:36
39        android:name="android.hardware.touchscreen.multitouch"
39-->[:unityLibrary] AndroidManifest.xml:32:9-63
40        android:required="false" />
40-->[:unityLibrary] AndroidManifest.xml:33:9-33
41    <uses-feature
41-->[:unityLibrary] AndroidManifest.xml:34:5-36:36
42        android:name="android.hardware.touchscreen.multitouch.distinct"
42-->[:unityLibrary] AndroidManifest.xml:35:9-72
43        android:required="false" />
43-->[:unityLibrary] AndroidManifest.xml:36:9-33
44
45    <application
45-->src\main\AndroidManifest.xml:4:3-83
46        android:appComponentFactory="androidx.core.app.CoreComponentFactory"
46-->[androidx.core:core:1.1.0] AndroidManifest.xml:24:18-86
47        android:extractNativeLibs="true"
47-->[:unityLibrary] AndroidManifest.xml:38:18-50
48        android:icon="@mipmap/app_icon"
48-->src\main\AndroidManifest.xml:4:49-80
49        android:label="@string/app_name" >
49-->src\main\AndroidManifest.xml:4:16-48
50        <activity
50-->[:unityLibrary] AndroidManifest.xml:39:9-60:20
51            android:name="com.unity3d.player.UnityPlayerActivity"
51-->[:unityLibrary] AndroidManifest.xml:40:13-66
52            android:configChanges="mcc|mnc|locale|touchscreen|keyboard|keyboardHidden|navigation|orientation|screenLayout|uiMode|screenSize|smallestScreenSize|fontScale|layoutDirection|density"
52-->[:unityLibrary] AndroidManifest.xml:41:13-194
53            android:exported="true"
53-->[:unityLibrary] AndroidManifest.xml:42:13-36
54            android:hardwareAccelerated="false"
54-->[:unityLibrary] AndroidManifest.xml:43:13-48
55            android:launchMode="singleTask"
55-->[:unityLibrary] AndroidManifest.xml:44:13-44
56            android:resizeableActivity="false"
56-->[:unityLibrary] AndroidManifest.xml:45:13-47
57            android:screenOrientation="reverseLandscape"
57-->[:unityLibrary] AndroidManifest.xml:46:13-57
58            android:theme="@style/UnityThemeSelector" >
58-->[:unityLibrary] AndroidManifest.xml:47:13-54
59            <intent-filter>
59-->[:unityLibrary] AndroidManifest.xml:48:13-52:29
60                <action android:name="android.intent.action.MAIN" />
60-->[:unityLibrary] AndroidManifest.xml:49:17-69
60-->[:unityLibrary] AndroidManifest.xml:49:25-66
61
62                <category android:name="android.intent.category.LAUNCHER" />
62-->[:unityLibrary] AndroidManifest.xml:51:17-77
62-->[:unityLibrary] AndroidManifest.xml:51:27-74
63            </intent-filter>
64
65            <meta-data
65-->[:unityLibrary] AndroidManifest.xml:54:13-56:40
66                android:name="unityplayer.UnityActivity"
66-->[:unityLibrary] AndroidManifest.xml:55:17-57
67                android:value="true" />
67-->[:unityLibrary] AndroidManifest.xml:56:17-37
68            <meta-data
68-->[:unityLibrary] AndroidManifest.xml:57:13-59:40
69                android:name="android.notch_support"
69-->[:unityLibrary] AndroidManifest.xml:58:17-53
70                android:value="true" />
70-->[:unityLibrary] AndroidManifest.xml:59:17-37
71        </activity>
72        <activity
72-->[:unityLibrary] AndroidManifest.xml:61:9-72:20
73            android:name="com.mirror.sdk.activities.RedirectActivity"
73-->[:unityLibrary] AndroidManifest.xml:62:13-70
74            android:exported="true" >
74-->[:unityLibrary] AndroidManifest.xml:63:13-36
75            <intent-filter>
75-->[:unityLibrary] AndroidManifest.xml:64:13-71:29
76                <action android:name="android.intent.action.VIEW" />
76-->[:unityLibrary] AndroidManifest.xml:16:13-65
76-->[:unityLibrary] AndroidManifest.xml:16:21-62
77
78                <category android:name="android.intent.category.DEFAULT" />
78-->[:unityLibrary] AndroidManifest.xml:67:17-76
78-->[:unityLibrary] AndroidManifest.xml:67:27-73
79                <category android:name="android.intent.category.BROWSABLE" />
79-->[:unityLibrary] AndroidManifest.xml:18:13-74
79-->[:unityLibrary] AndroidManifest.xml:18:23-71
80
81                <data android:scheme="mwsdkunity" />
81-->[:unityLibrary] AndroidManifest.xml:20:13-44
81-->[:unityLibrary] AndroidManifest.xml:20:19-41
82            </intent-filter>
83        </activity>
84
85        <meta-data
85-->[:unityLibrary] AndroidManifest.xml:74:9-76:33
86            android:name="unity.splash-mode"
86-->[:unityLibrary] AndroidManifest.xml:75:13-45
87            android:value="0" />
87-->[:unityLibrary] AndroidManifest.xml:76:13-30
88        <meta-data
88-->[:unityLibrary] AndroidManifest.xml:77:9-79:36
89            android:name="unity.splash-enable"
89-->[:unityLibrary] AndroidManifest.xml:78:13-47
90            android:value="True" />
90-->[:unityLibrary] AndroidManifest.xml:79:13-33
91        <meta-data
91-->[:unityLibrary] AndroidManifest.xml:80:9-82:36
92            android:name="unity.launch-fullscreen"
92-->[:unityLibrary] AndroidManifest.xml:81:13-51
93            android:value="True" />
93-->[:unityLibrary] AndroidManifest.xml:82:13-33
94        <meta-data
94-->[:unityLibrary] AndroidManifest.xml:83:9-85:37
95            android:name="unity.allow-resizable-window"
95-->[:unityLibrary] AndroidManifest.xml:84:13-56
96            android:value="False" />
96-->[:unityLibrary] AndroidManifest.xml:85:13-34
97        <meta-data
97-->[:unityLibrary] AndroidManifest.xml:86:9-88:50
98            android:name="notch.config"
98-->[:unityLibrary] AndroidManifest.xml:87:13-40
99            android:value="portrait|landscape" />
99-->[:unityLibrary] AndroidManifest.xml:88:13-47
100    </application>
101
102</manifest>